<?xml version="1.0" encoding="UTF-8"?>
<!-- Generated by org.testng.reporters.JUnitReportReporter -->
<testsuite hostname="DESKTOP-TPDPV6I" failures="0" tests="3" name="scripts.VendorBulkUpload" time="55.848" errors="0" timestamp="2024-07-23T13:30:24 IST" skipped="0">
  <testcase classname="scripts.VendorBulkUpload" name="Retailsenseaddingvendor" time="19.277"/>
  <system-out/>
  <testcase classname="scripts.VendorBulkUpload" name="Retailsenseaddingvendor" time="18.386"/>
  <system-out/>
  <testcase classname="scripts.VendorBulkUpload" name="Retailsenseaddingvendor" time="18.185"/>
  <system-out/>
</testsuite> <!-- scripts.VendorBulkUpload -->
