<?xml version="1.0" encoding="UTF-8"?>
<!-- Generated by org.testng.reporters.JUnitReportReporter -->
<testsuite hostname="DESKTOP-3VALHA1" failures="0" tests="1" name="scripts.SA002" time="9.906" errors="0" timestamp="2022-09-29T12:05:39 IST" skipped="0">
  <testcase classname="scripts.SA002" name="aptahrloginScript" time="9.906"/>
  <system-out/>
</testsuite> <!-- scripts.SA002 -->
