<?xml version="1.0" encoding="UTF-8"?>
<!-- Generated by org.testng.reporters.JUnitReportReporter -->
<testsuite hostname="DESKTOP-3VALHA1" failures="0" tests="1" name="scripts.Login_page" time="5.336" errors="0" timestamp="2022-10-11T17:47:41 IST" skipped="0">
  <testcase classname="scripts.Login_page" name="aptahrloginScript" time="5.336"/>
  <system-out/>
</testsuite> <!-- scripts.Login_page -->
