<?xml version="1.0" encoding="UTF-8"?>
<!-- Generated by org.testng.reporters.JUnitReportReporter -->
<testsuite hostname="DESKTOP-TPDPV6I" failures="0" tests="1" name="API.PsyhireAPI" time="0.864" errors="0" timestamp="2024-07-12T19:40:27 IST" skipped="0">
  <testcase classname="API.PsyhireAPI" name="FreshAccount" time="0.864"/>
  <system-out/>
</testsuite> <!-- API.PsyhireAPI -->
