<?xml version="1.0" encoding="UTF-8"?>
<!-- Generated by org.testng.reporters.JUnitReportReporter -->
<testsuite hostname="DESKTOP-FE780AS" failures="0" tests="1" name="scripts.Applyjobdocx" time="36.833" errors="0" timestamp="2023-04-14T10:47:32 IST" skipped="0">
  <testcase classname="scripts.Applyjobdocx" name="postjobmanullyscript" time="36.833"/>
  <system-out/>
</testsuite> <!-- scripts.Applyjobdocx -->
