<?xml version="1.0" encoding="UTF-8"?>
<!-- Generated by org.testng.reporters.JUnitReportReporter -->
<testsuite hostname="DESKTOP-TPDPV6I" failures="0" tests="1" name="scripts.AddImages_Imagedata" time="26.742" errors="0" timestamp="2024-07-23T10:29:17 IST" skipped="0">
  <testcase classname="scripts.AddImages_Imagedata" name="Retailsenseaddimageinimagedata" time="26.742"/>
  <system-out/>
</testsuite> <!-- scripts.AddImages_Imagedata -->
