<?xml version="1.0" encoding="UTF-8"?>
<!-- Generated by org.testng.reporters.JUnitReportReporter -->
<testsuite hostname="DESKTOP-3VALHA1" failures="0" tests="1" name="scripts.Login_page" time="12.280" errors="0" timestamp="2023-08-18T11:26:43 IST" skipped="0">
  <testcase classname="scripts.Login_page" name="PsyHireloginScript" time="12.280"/>
  <system-out/>
</testsuite> <!-- scripts.Login_page -->
