<?xml version="1.0" encoding="UTF-8"?>
<!-- Generated by org.testng.reporters.JUnitReportReporter -->
<testsuite hostname="DESKTOP-FE780AS" failures="0" tests="1" name="scripts.SkillAssessment" time="54.855" errors="0" timestamp="2022-12-16T15:29:24 IST" skipped="0">
  <testcase classname="scripts.SkillAssessment" name="aptahrSkillAssessmentScript" time="54.855"/>
  <system-out/>
</testsuite> <!-- scripts.SkillAssessment -->
