<?xml version="1.0" encoding="UTF-8"?>
<!-- Generated by org.testng.reporters.JUnitReportReporter -->
<testsuite hostname="DESKTOP-TPDPV6I" failures="0" tests="3" name="scripts.Adding_Annotator" time="46.003" errors="0" timestamp="2024-07-23T13:30:24 IST" skipped="0">
  <testcase classname="scripts.Adding_Annotator" name="Retailsenseaddingvendor" time="14.986"/>
  <system-out/>
  <testcase classname="scripts.Adding_Annotator" name="Retailsenseaddingvendor" time="15.323"/>
  <system-out/>
  <testcase classname="scripts.Adding_Annotator" name="Retailsenseaddingvendor" time="15.694"/>
  <system-out/>
</testsuite> <!-- scripts.Adding_Annotator -->
