<?xml version="1.0" encoding="UTF-8"?>
<!-- Generated by org.testng.reporters.JUnitReportReporter -->
<testsuite hostname="DESKTOP-3VALHA1" failures="0" tests="3" name="scripts.Psychometric_Assessment" time="87.290" errors="0" timestamp="2024-05-06T18:37:42 IST" skipped="0">
  <testcase classname="scripts.Psychometric_Assessment" name="psyhireskillassessment" time="25.989"/>
  <system-out/>
  <testcase classname="scripts.Psychometric_Assessment" name="psyhireskillassessment" time="30.157"/>
  <system-out/>
  <testcase classname="scripts.Psychometric_Assessment" name="psyhireskillassessment" time="31.144"/>
  <system-out/>
</testsuite> <!-- scripts.Psychometric_Assessment -->
