<?xml version="1.0" encoding="UTF-8"?>
<!-- Generated by org.testng.reporters.JUnitReportReporter -->
<testsuite hostname="DESKTOP-TPDPV6I" failures="0" tests="1" name="API.Refreshdataannotator" time="1.981" errors="0" timestamp="2024-07-23T15:28:10 IST" skipped="0">
  <testcase classname="API.Refreshdataannotator" name="Delete_Acc_Data" time="1.981"/>
  <system-out/>
</testsuite> <!-- API.Refreshdataannotator -->
