<?xml version="1.0" encoding="UTF-8"?>
<!-- Generated by org.testng.reporters.JUnitReportReporter -->
<testsuite hostname="DESKTOP-3VALHA1" failures="0" tests="3" name="scripts.Skill_Assessment" time="156.127" errors="0" timestamp="2024-05-06T18:37:42 IST" skipped="0">
  <testcase classname="scripts.Skill_Assessment" name="psyhireskillassessment" time="90.378"/>
  <system-out/>
  <testcase classname="scripts.Skill_Assessment" name="psyhireskillassessment" time="30.430"/>
  <system-out/>
  <testcase classname="scripts.Skill_Assessment" name="psyhireskillassessment" time="35.319"/>
  <system-out/>
</testsuite> <!-- scripts.Skill_Assessment -->
