<?xml version="1.0" encoding="UTF-8"?>
<!-- Generated by org.testng.reporters.JUnitReportReporter -->
<testsuite hostname="DESKTOP-TPDPV6I" failures="0" tests="3" name="scripts.ImageData" time="69.639" errors="0" timestamp="2024-07-23T13:30:24 IST" skipped="0">
  <testcase classname="scripts.ImageData" name="Retailsenseimagedata" time="22.495"/>
  <system-out/>
  <testcase classname="scripts.ImageData" name="Retailsenseimagedata" time="22.649"/>
  <system-out/>
  <testcase classname="scripts.ImageData" name="Retailsenseimagedata" time="24.495"/>
  <system-out/>
</testsuite> <!-- scripts.ImageData -->
