<?xml version="1.0" encoding="UTF-8"?>
<!-- Generated by org.testng.reporters.JUnitReportReporter -->
<testsuite hostname="DESKTOP-3VALHA1" failures="0" tests="1" name="scripts.Applyjob" time="31.818" errors="0" timestamp="2022-10-11T17:47:41 IST" skipped="0">
  <testcase classname="scripts.Applyjob" name="postjobmanullyscript" time="31.818"/>
  <system-out/>
</testsuite> <!-- scripts.Applyjob -->
