<?xml version="1.0" encoding="UTF-8"?>
<!-- Generated by org.testng.reporters.JUnitReportReporter -->
<testsuite hostname="DESKTOP-TPDPV6I" failures="0" tests="3" name="scripts.Add_Copy_Delete_Images_Imagedata" time="141.689" errors="0" timestamp="2024-07-23T13:30:24 IST" skipped="0">
  <testcase classname="scripts.Add_Copy_Delete_Images_Imagedata" name="Retailsenseadd_copy_delete_image_imagedata" time="45.943"/>
  <system-out/>
  <testcase classname="scripts.Add_Copy_Delete_Images_Imagedata" name="Retailsenseadd_copy_delete_image_imagedata" time="45.793"/>
  <system-out/>
  <testcase classname="scripts.Add_Copy_Delete_Images_Imagedata" name="Retailsenseadd_copy_delete_image_imagedata" time="49.953"/>
  <system-out/>
</testsuite> <!-- scripts.Add_Copy_Delete_Images_Imagedata -->
