<?xml version="1.0" encoding="UTF-8"?>
<!-- Generated by org.testng.reporters.JUnitReportReporter -->
<testsuite hostname="DESKTOP-TPDPV6I" failures="0" tests="3" name="scripts.AnnotatorsBulkUpload" time="55.682" errors="0" timestamp="2024-07-23T13:30:24 IST" skipped="0">
  <testcase classname="scripts.AnnotatorsBulkUpload" name="Retailsenseaddingvendor" time="19.211"/>
  <system-out/>
  <testcase classname="scripts.AnnotatorsBulkUpload" name="Retailsenseaddingvendor" time="18.195"/>
  <system-out/>
  <testcase classname="scripts.AnnotatorsBulkUpload" name="Retailsenseaddingvendor" time="18.276"/>
  <system-out/>
</testsuite> <!-- scripts.AnnotatorsBulkUpload -->
