<?xml version="1.0" encoding="UTF-8"?>
<!-- Generated by org.testng.reporters.JUnitReportReporter -->
<testsuite hostname="DESKTOP-3VALHA1" failures="0" tests="1" name="scripts.Postjobmanually" time="71.477" errors="0" timestamp="2022-10-11T17:47:41 IST" skipped="0">
  <testcase classname="scripts.Postjobmanually" name="postjobmanullyscript" time="71.477"/>
  <system-out/>
</testsuite> <!-- scripts.Postjobmanually -->
