<?xml version="1.0" encoding="UTF-8"?>
<!-- Generated by org.testng.reporters.JUnitReportReporter -->
<testsuite hostname="DESKTOP-TPDPV6I" failures="0" tests="7" name="scripts.Sign_in" time="69.092" errors="1" timestamp="2024-07-10T16:15:02 IST" skipped="0">
  <testcase classname="scripts.Sign_in" name="PsyHireloginScript" time="10.740"/>
  <system-out/>
  <testcase classname="scripts.Sign_in" name="PsyHireloginScript" time="12.069"/>
  <system-out/>
  <testcase classname="scripts.Sign_in" name="Sendmail" time="0.024">
    <error message="Cannot attach file &quot;C:\Users\system3\eclipse-workspace\PsyHire\PsyHire_AutomationReport.html&quot;" type="org.apache.commons.mail.EmailException">
      <![CDATA[org.apache.commons.mail.EmailException: Cannot attach file "C:\Users\system3\eclipse-workspace\PsyHire\PsyHire_AutomationReport.html"
at org.apache.commons.mail.MultiPartEmail.attach(MultiPartEmail.java:333)
at generic.Java_Mail.sendmail(Java_Mail.java:46)
at generic.Basetest.Sendmail(Basetest.java:163)
at java.base/jdk.internal.reflect.NativeMethodAccessorImpl.invoke0(Native Method)
at java.base/jdk.internal.reflect.NativeMethodAccessorImpl.invoke(NativeMethodAccessorImpl.java:77)
at java.base/jdk.internal.reflect.DelegatingMethodAccessorImpl.invoke(DelegatingMethodAccessorImpl.java:43)
at java.base/java.lang.reflect.Method.invoke(Method.java:568)
at org.testng.internal.MethodInvocationHelper.invokeMethod(MethodInvocationHelper.java:133)
at org.testng.internal.MethodInvocationHelper.invokeMethodConsideringTimeout(MethodInvocationHelper.java:62)
at org.testng.internal.ConfigInvoker.invokeConfigurationMethod(ConfigInvoker.java:385)
at org.testng.internal.ConfigInvoker.invokeConfigurations(ConfigInvoker.java:321)
at org.testng.SuiteRunner.privateRun(SuiteRunner.java:344)
at org.testng.SuiteRunner.run(SuiteRunner.java:276)
at org.testng.SuiteRunnerWorker.runSuite(SuiteRunnerWorker.java:53)
at org.testng.SuiteRunnerWorker.run(SuiteRunnerWorker.java:96)
at org.testng.TestNG.runSuitesSequentially(TestNG.java:1212)
at org.testng.TestNG.runSuitesLocally(TestNG.java:1134)
at org.testng.TestNG.runSuites(TestNG.java:1063)
at org.testng.TestNG.run(TestNG.java:1031)
at org.testng.remote.AbstractRemoteTestNG.run(AbstractRemoteTestNG.java:115)
at org.testng.remote.RemoteTestNG.initAndRun(RemoteTestNG.java:293)
at org.testng.remote.RemoteTestNG.main(RemoteTestNG.java:91)
Caused by: java.io.IOException: "C:\Users\system3\eclipse-workspace\PsyHire\PsyHire_AutomationReport.html" does not exist
at org.apache.commons.mail.MultiPartEmail.attach(MultiPartEmail.java:322)
... 21 more
]]>
    </error>
  </testcase> <!-- Sendmail -->
  <system-out/>
  <testcase classname="scripts.Sign_in" name="PsyHireloginScript" time="10.626"/>
  <system-out/>
  <testcase classname="scripts.Sign_in" name="PsyHireloginScript" time="11.471"/>
  <system-out/>
  <testcase classname="scripts.Sign_in" name="PsyHireloginScript" time="10.694"/>
  <system-out/>
  <testcase classname="scripts.Sign_in" name="PsyHireloginScript" time="13.468"/>
  <system-out/>
</testsuite> <!-- scripts.Sign_in -->
