<?xml version="1.0" encoding="UTF-8"?>
<!-- Generated by org.testng.reporters.JUnitReportReporter -->
<testsuite hostname="DESKTOP-TPDPV6I" failures="0" tests="1" name="API.Refreshdata" time="2.088" errors="0" timestamp="2024-07-23T15:28:04 IST" skipped="0">
  <testcase classname="API.Refreshdata" name="Delete_Acc_Data" time="2.088"/>
  <system-out/>
</testsuite> <!-- API.Refreshdata -->
