<?xml version="1.0" encoding="UTF-8"?>
<!-- Generated by org.testng.reporters.JUnitReportReporter -->
<testsuite hostname="DESKTOP-3VALHA1" failures="0" tests="1" name="scripts.SkillAssessment" time="54.116" errors="0" timestamp="2022-10-11T17:47:41 IST" skipped="0">
  <testcase classname="scripts.SkillAssessment" name="aptahrSkillAssessmentScript" time="54.116"/>
  <system-out/>
</testsuite> <!-- scripts.SkillAssessment -->
