<?xml version="1.0" encoding="UTF-8"?>
<!-- Generated by org.testng.reporters.JUnitReportReporter -->
<testsuite hostname="DESKTOP-TPDPV6I" failures="0" tests="3" name="scripts.Adding_Article" time="69.935" errors="0" timestamp="2024-07-23T13:30:24 IST" skipped="0">
  <testcase classname="scripts.Adding_Article" name="Retailsenseaddingarticle" time="24.029"/>
  <system-out/>
  <testcase classname="scripts.Adding_Article" name="Retailsenseaddingarticle" time="23.014"/>
  <system-out/>
  <testcase classname="scripts.Adding_Article" name="Retailsenseaddingarticle" time="22.892"/>
  <system-out/>
</testsuite> <!-- scripts.Adding_Article -->
