<?xml version="1.0" encoding="UTF-8"?>
<!-- Generated by org.testng.reporters.JUnitReportReporter -->
<testsuite hostname="DESKTOP-FE780AS" failures="0" tests="1" name="scripts.PsychometricAssessment" time="21.321" errors="0" timestamp="2022-12-16T15:29:24 IST" skipped="0">
  <testcase classname="scripts.PsychometricAssessment" name="aptahrpsychometricAssessmentScript" time="21.321"/>
  <system-out/>
</testsuite> <!-- scripts.PsychometricAssessment -->
