<?xml version="1.0" encoding="UTF-8"?>
<!-- Generated by org.testng.reporters.JUnitReportReporter -->
<testsuite hostname="DESKTOP-TPDPV6I" failures="0" tests="3" name="scripts.signIn" time="33.305" errors="0" timestamp="2024-08-09T00:46:19 IST" skipped="0">
  <testcase classname="scripts.signIn" name="loginScript" time="9.698"/>
  <system-out/>
  <testcase classname="scripts.signIn" name="loginScript" time="14.380"/>
  <system-out/>
  <testcase classname="scripts.signIn" name="loginScript" time="9.227"/>
  <system-out/>
</testsuite> <!-- scripts.signIn -->
