<?xml version="1.0" encoding="UTF-8"?>
<!-- Generated by org.testng.reporters.JUnitReportReporter -->
<testsuite hostname="DESKTOP-TPDPV6I" failures="0" tests="3" name="scripts.Adding_Sales_Rep" time="51.635" errors="0" timestamp="2024-07-23T13:30:24 IST" skipped="0">
  <testcase classname="scripts.Adding_Sales_Rep" name="Retailsenseaddingsalesrep" time="17.660"/>
  <system-out/>
  <testcase classname="scripts.Adding_Sales_Rep" name="Retailsenseaddingsalesrep" time="17.294"/>
  <system-out/>
  <testcase classname="scripts.Adding_Sales_Rep" name="Retailsenseaddingsalesrep" time="16.681"/>
  <system-out/>
</testsuite> <!-- scripts.Adding_Sales_Rep -->
