<?xml version="1.0" encoding="UTF-8"?>
<!-- Generated by org.testng.reporters.JUnitReportReporter -->
<testsuite hostname="DESKTOP-TPDPV6I" failures="0" tests="3" name="scripts.Adding_Vendor" time="43.590" errors="0" timestamp="2024-07-23T13:30:24 IST" skipped="0">
  <testcase classname="scripts.Adding_Vendor" name="Retailsenseaddingvendor" time="14.913"/>
  <system-out/>
  <testcase classname="scripts.Adding_Vendor" name="Retailsenseaddingvendor" time="14.250"/>
  <system-out/>
  <testcase classname="scripts.Adding_Vendor" name="Retailsenseaddingvendor" time="14.427"/>
  <system-out/>
</testsuite> <!-- scripts.Adding_Vendor -->
