<?xml version="1.0" encoding="UTF-8"?>
<!-- Generated by org.testng.reporters.JUnitReportReporter -->
<testsuite hostname="DESKTOP-3VALHA1" failures="0" tests="1" name="scripts.SA001" time="4.073" errors="0" timestamp="2022-10-06T15:22:29 IST" skipped="0">
  <testcase classname="scripts.SA001" name="aptahrloginScript" time="4.073"/>
  <system-out/>
</testsuite> <!-- scripts.SA001 -->
