<?xml version="1.0" encoding="UTF-8"?>
<!-- Generated by org.testng.reporters.JUnitReportReporter -->
<testsuite hostname="DESKTOP-3VALHA1" failures="0" tests="1" name="scripts.Postjobmanually" time="76.492" errors="0" timestamp="2023-07-19T10:22:19 IST" skipped="0">
  <testcase classname="scripts.Postjobmanually" name="postjobmanullyscript" time="76.492"/>
  <system-out/>
</testsuite> <!-- scripts.Postjobmanually -->
