<?xml version="1.0" encoding="UTF-8"?>
<!-- Generated by org.testng.reporters.JUnitReportReporter -->
<testsuite hostname="DESKTOP-TPDPV6I" failures="0" tests="3" name="scripts.AnnotationFlow" time="51.527" errors="0" timestamp="2024-07-23T13:30:24 IST" skipped="0">
  <testcase classname="scripts.AnnotationFlow" name="Retailsenseaddingvendor" time="17.894"/>
  <system-out/>
  <testcase classname="scripts.AnnotationFlow" name="Retailsenseaddingvendor" time="16.939"/>
  <system-out/>
  <testcase classname="scripts.AnnotationFlow" name="Retailsenseaddingvendor" time="16.694"/>
  <system-out/>
</testsuite> <!-- scripts.AnnotationFlow -->
