<?xml version="1.0" encoding="UTF-8"?>
<!-- Generated by org.testng.reporters.JUnitReportReporter -->
<testsuite hostname="DESKTOP-TPDPV6I" failures="0" tests="3" name="scripts.ArticleBulkupload" time="51.039" errors="0" timestamp="2024-07-23T13:30:24 IST" skipped="0">
  <testcase classname="scripts.ArticleBulkupload" name="Retailsenseaddingsalesrep" time="16.710"/>
  <system-out/>
  <testcase classname="scripts.ArticleBulkupload" name="Retailsenseaddingsalesrep" time="17.927"/>
  <system-out/>
  <testcase classname="scripts.ArticleBulkupload" name="Retailsenseaddingsalesrep" time="16.402"/>
  <system-out/>
</testsuite> <!-- scripts.ArticleBulkupload -->
