<?xml version="1.0" encoding="UTF-8"?>
<!-- Generated by org.testng.reporters.JUnitReportReporter -->
<testsuite hostname="DESKTOP-TPDPV6I" failures="0" tests="3" name="scripts.Signin_SuperAdmin" time="6.905" errors="0" timestamp="2024-07-12T16:57:28 IST" skipped="0">
  <testcase classname="scripts.Signin_SuperAdmin" name="RetailsenseloginScript" time="2.206"/>
  <system-out/>
  <testcase classname="scripts.Signin_SuperAdmin" name="RetailsenseloginScript" time="1.965"/>
  <system-out/>
  <testcase classname="scripts.Signin_SuperAdmin" name="RetailsenseloginScript" time="2.734"/>
  <system-out/>
</testsuite> <!-- scripts.Signin_SuperAdmin -->
