<?xml version="1.0" encoding="UTF-8"?>
<!-- Generated by org.testng.reporters.JUnitReportReporter -->
<testsuite hostname="DESKTOP-3VALHA1" failures="0" tests="3" name="scripts.Oneway_Technical_Interview" time="157.575" errors="0" timestamp="2024-05-06T18:37:42 IST" skipped="0">
  <testcase classname="scripts.Oneway_Technical_Interview" name="onewaytechnicalinterview" time="35.018"/>
  <system-out/>
  <testcase classname="scripts.Oneway_Technical_Interview" name="onewaytechnicalinterview" time="25.443"/>
  <system-out/>
  <testcase classname="scripts.Oneway_Technical_Interview" name="onewaytechnicalinterview" time="97.114"/>
  <system-out/>
</testsuite> <!-- scripts.Oneway_Technical_Interview -->
