<?xml version="1.0" encoding="UTF-8"?>
<!-- Generated by org.testng.reporters.JUnitReportReporter -->
<testsuite hostname="DESKTOP-TPDPV6I" failures="0" tests="3" name="scripts.Adding_Store" time="88.916" errors="0" timestamp="2024-07-23T13:30:24 IST" skipped="0">
  <testcase classname="scripts.Adding_Store" name="Retailsenseaddingstore" time="29.165"/>
  <system-out/>
  <testcase classname="scripts.Adding_Store" name="Retailsenseaddingstore" time="30.430"/>
  <system-out/>
  <testcase classname="scripts.Adding_Store" name="Retailsenseaddingstore" time="29.321"/>
  <system-out/>
</testsuite> <!-- scripts.Adding_Store -->
