<?xml version="1.0" encoding="UTF-8"?>
<!-- Generated by org.testng.reporters.JUnitReportReporter -->
<testsuite hostname="DESKTOP-3VALHA1" failures="0" tests="1" name="scripts.Applyjobdocx" time="33.286" errors="0" timestamp="2022-10-12T13:21:21 IST" skipped="0">
  <testcase classname="scripts.Applyjobdocx" name="postjobmanullyscript" time="33.286"/>
  <system-out/>
</testsuite> <!-- scripts.Applyjobdocx -->
