<?xml version="1.0" encoding="UTF-8"?>
<!-- Generated by org.testng.reporters.JUnitReportReporter -->
<testsuite hostname="DESKTOP-TPDPV6I" failures="0" tests="1" name="scripts.Delete_Images_Imagedata" time="46.452" errors="0" timestamp="2024-07-23T10:41:26 IST" skipped="0">
  <testcase classname="scripts.Delete_Images_Imagedata" name="Retailsensedeleteimageinimagedata" time="46.452"/>
  <system-out/>
</testsuite> <!-- scripts.Delete_Images_Imagedata -->
