<?xml version="1.0" encoding="UTF-8"?>
<!-- Generated by org.testng.reporters.JUnitReportReporter -->
<testsuite hostname="DESKTOP-TPDPV6I" failures="0" tests="1" name="generic.Refreshdataannotator" time="1.596" errors="0" timestamp="2024-07-18T12:13:37 IST" skipped="0">
  <testcase classname="generic.Refreshdataannotator" name="Delete_Acc_Data" time="1.596"/>
  <system-out/>
</testsuite> <!-- generic.Refreshdataannotator -->
